warning: batteries: repository '/home/joachim/lean4/_tmp/mathlib4/.lake/packages/batteries' has local changes
⚠ [374/507] Replayed Mathlib.Order.ULift
warning: Mathlib/Order/ULift.lean:45:100: This line exceeds the 100 character limit, please shorten it!

Note: This linter can be disabled with `set_option linter.style.longLine false`
⚠ [899/8378] Replayed Batteries.Data.Vector.Lemmas
warning: Batteries/Data/Vector/Lemmas.lean:48:17: This simp argument is unused:
  Nat.add_one_sub_one

Hint: Omit it from the simp argument list.
  simp only [̵N̵a̵t̵.̵a̵d̵d̵_̵o̵n̵e̵_̵s̵u̵b̵_̵o̵n̵e̵,̵ ̵t̵a̵i̵l̵_̵e̵q̵_̵c̵a̵s̵t̵_̵e̵x̵t̵r̵a̵c̵t̵,̵[̲t̲a̲i̲l̲_̲e̲q̲_̲c̲a̲s̲t̲_̲e̲x̲t̲r̲a̲c̲t̲,̲ getElem_toList, getElem_cast, getElem_extract,
  ̲  ̲ ̲ ̲ ̲ ̲ ̲ ̲List.getElem_tail]

Note: This linter can be disabled with `set_option linter.unusedSimpArgs false`
✔ [920/8380] Built Mathlib.Algebra.Ring.Int.Defs (1.3s)
✔ [921/8380] Built Mathlib.Algebra.Group.Pi.Units (1.0s)
✔ [922/8380] Built Mathlib.Order.Compare (1.5s)
✔ [923/8380] Built Mathlib.Logic.Equiv.Option (1.5s)
✔ [924/8380] Built Mathlib.Algebra.Ring.GrindInstances (1.3s)
✔ [925/8380] Built Mathlib.Algebra.GroupWithZero.Idempotent (1.2s)
✔ [926/8380] Built Mathlib.Combinatorics.Quiver.Basic (1.1s)
✔ [927/8380] Built Mathlib.Algebra.Divisibility.Hom (1.4s)
✔ [928/8380] Built Mathlib.Data.List.Enum (1.3s)
✔ [929/8380] Built Mathlib.Algebra.Group.Commute.Basic (1.5s)
✔ [930/8380] Built Mathlib.Tactic.Zify (1.5s)
✔ [931/8380] Built Mathlib.Algebra.Group.ULift (1.5s)
✔ [932/8380] Built Mathlib.Algebra.Field.MinimalAxioms (1.3s)
✔ [933/8380] Built Mathlib.Data.List.Forall2 (1.7s)
✔ [934/8380] Built Mathlib.Order.Max (1.9s)
✔ [935/8380] Built Mathlib.Order.RelClasses (1.0s)
✔ [936/8380] Built Mathlib.Data.List.Lattice (1.8s)
✔ [937/8380] Built Mathlib.Data.List.Infix (1.7s)
✔ [938/8380] Built Mathlib.Algebra.Group.ModEq (1.6s)
✔ [939/8380] Built Mathlib.Algebra.Group.Action.Defs (2.1s)
✔ [940/8380] Built Mathlib.Algebra.Group.TypeTags.Basic (2.1s)
✔ [941/8380] Built Mathlib.Algebra.Group.Opposite (2.1s)
✖ [942/8380] Building Mathlib.Control.Monad.Cont (1.3s)
trace: .> LEAN_PATH=/home/joachim/lean4/_tmp/mathlib4/.lake/packages/Cli/.lake/build/lib/lean:/home/joachim/lean4/_tmp/mathlib4/.lake/packages/batteries/.lake/build/lib/lean:/home/joachim/lean4/_tmp/mathlib4/.lake/packages/Qq/.lake/build/lib/lean:/home/joachim/lean4/_tmp/mathlib4/.lake/packages/aesop/.lake/build/lib/lean:/home/joachim/lean4/_tmp/mathlib4/.lake/packages/proofwidgets/.lake/build/lib/lean:/home/joachim/lean4/_tmp/mathlib4/.lake/packages/importGraph/.lake/build/lib/lean:/home/joachim/lean4/_tmp/mathlib4/.lake/packages/LeanSearchClient/.lake/build/lib/lean:/home/joachim/lean4/_tmp/mathlib4/.lake/packages/plausible/.lake/build/lib/lean:/home/joachim/lean4/_tmp/mathlib4/.lake/build/lib/lean /home/joachim/lean4/build/release/stage2/bin/lean /home/joachim/lean4/_tmp/mathlib4/Mathlib/Control/Monad/Cont.lean -o /home/joachim/lean4/_tmp/mathlib4/.lake/build/lib/lean/Mathlib/Control/Monad/Cont.olean -i /home/joachim/lean4/_tmp/mathlib4/.lake/build/lib/lean/Mathlib/Control/Monad/Cont.ilean -c /home/joachim/lean4/_tmp/mathlib4/.lake/build/ir/Mathlib/Control/Monad/Cont.c --setup /home/joachim/lean4/_tmp/mathlib4/.lake/build/ir/Mathlib/Control/Monad/Cont.setup.json --json
error: Mathlib/Control/Monad/Cont.lean:195:4: `dsimp` made no progress
error: Mathlib/Control/Monad/Cont.lean:201:9: Tactic `rfl` failed: The left-hand side
  (ExceptT.mk
      (callCC fun x ↦ do
        let x_1 ← (ExceptT.mk (goto x (Except.ok x✝) >>= pure ∘ Except.ok)).run
        match x_1 with
          | Except.ok x_2 => (dead✝ (ExceptT.mkLabel x) x_2).run
          | Except.error e => pure (Except.error e))).run
is not definitionally equal to the right-hand side
  (pure x✝).run

m : Type u → Type v
inst✝² : Monad m
ε : Type u
inst✝¹ : MonadCont m
inst✝ : LawfulMonadCont m
α✝ β✝ : Type u
x✝ : α✝
dead✝ : Label α✝ (ExceptT ε m) β✝ → β✝ → ExceptT ε m α✝
⊢ (ExceptT.mk
        (callCC fun x ↦ do
          let x_1 ← (ExceptT.mk (goto x (Except.ok x✝) >>= pure ∘ Except.ok)).run
          match x_1 with
            | Except.ok x_2 => (dead✝ (ExceptT.mkLabel x) x_2).run
            | Except.error e => pure (Except.error e))).run =
    (pure x✝).run
warning: Mathlib/Control/Monad/Cont.lean:199:84: This simp argument is unused:
  Function.comp

Hint: Omit it from the simp argument list.
  simp only [callCC, ExceptT.callCC, ExceptT.goto_mkLabel, map_eq_bind_pure_comp, ̵F̵u̵n̵c̵t̵i̵o̵n̵.̵c̵o̵m̵p̵,̵
        ExceptT.run_bind, ExceptT.run_mk, bind_assoc, pure_bind, @callCC_bind_left m _]

Note: This linter can be disabled with `set_option linter.unusedSimpArgs false`
warning: Mathlib/Control/Monad/Cont.lean:200:24: This simp argument is unused:
  ExceptT.run_mk

Hint: Omit it from the simp argument list.
  simp only [callCC, ExceptT.callCC, ExceptT.goto_mkLabel, map_eq_bind_pure_comp, Function.comp,
        ExceptT.run_bind, E̵x̵c̵e̵p̵t̵T̵.̵r̵u̵n̵_̵m̵k̵,̵ ̵bind_assoc, pure_bind, @callCC_bind_left m _]

Note: This linter can be disabled with `set_option linter.unusedSimpArgs false`
warning: Mathlib/Control/Monad/Cont.lean:200:40: This simp argument is unused:
  bind_assoc

Hint: Omit it from the simp argument list.
  simp only [callCC, ExceptT.callCC, ExceptT.goto_mkLabel, map_eq_bind_pure_comp, Function.comp,
        ExceptT.run_bind, ExceptT.run_mk, b̵i̵n̵d̵_̵a̵s̵s̵o̵c̵,̵ ̵pure_bind, @callCC_bind_left m _]

Note: This linter can be disabled with `set_option linter.unusedSimpArgs false`
warning: Mathlib/Control/Monad/Cont.lean:200:52: This simp argument is unused:
  pure_bind

Hint: Omit it from the simp argument list.
  simp only [callCC, ExceptT.callCC, ExceptT.goto_mkLabel, map_eq_bind_pure_comp, Function.comp,
        ExceptT.run_bind, ExceptT.run_mk, bind_assoc, p̵u̵r̵e̵_̵b̵i̵n̵d̵,̵ ̵@callCC_bind_left m _]

Note: This linter can be disabled with `set_option linter.unusedSimpArgs false`
warning: Mathlib/Control/Monad/Cont.lean:200:63: This simp argument is unused:
  @callCC_bind_left m _

Hint: Omit it from the simp argument list.
  simp only [callCC, ExceptT.callCC, ExceptT.goto_mkLabel, map_eq_bind_pure_comp, Function.comp,
        ExceptT.run_bind, ExceptT.run_mk, bind_assoc, pure_bind,̵ ̵@̵c̵a̵l̵l̵C̵C̵_̵b̵i̵n̵d̵_̵l̵e̵f̵t̵ ̵m̵ ̵_̵]

Note: This linter can be disabled with `set_option linter.unusedSimpArgs false`
error: Lean exited with code 1
✔ [943/8380] Built Mathlib.Data.Nat.Cast.Synonym (1.3s)
✔ [944/8380] Built Mathlib.Algebra.Order.GroupWithZero.Unbundled.Defs (2.1s)
✔ [945/8380] Built Mathlib.Data.Set.Opposite (1.4s)
⚠ [946/8380] Built Mathlib.Algebra.Group.Hom.Basic (2.3s)
warning: Mathlib/Algebra/Group/Hom/Basic.lean:250:100: This line exceeds the 100 character limit, please shorten it!

Note: This linter can be disabled with `set_option linter.style.longLine false`
✔ [947/8380] Built Mathlib.Algebra.Group.WithOne.Basic (1.0s)
✔ [948/8380] Built Mathlib.Data.List.DropRight (1.7s)
✔ [949/8380] Built Mathlib.Data.List.ReduceOption (1.7s)
✔ [950/8380] Built Mathlib.Data.Int.Cast.Field (1.2s)
✔ [951/8380] Built Mathlib.Combinatorics.Quiver.Prefunctor (1.1s)
✔ [952/8380] Built Mathlib.Algebra.GroupWithZero.ULift (911ms)
✔ [953/8380] Built Mathlib.Combinatorics.Quiver.Subquiver (1.2s)
✔ [954/8380] Built Mathlib.Algebra.Group.Units.Basic (2.9s)
✔ [955/8380] Built Mathlib.Algebra.Order.Group.Synonym (2.7s)
✔ [956/8380] Built Mathlib.Algebra.Homology.Embedding.Basic (1.6s)
✔ [957/8380] Built Mathlib.Algebra.AddTorsor.Defs (1.0s)
✔ [958/8380] Built Mathlib.Algebra.Ring.Idempotent (1.7s)
✖ [959/8380] Building Mathlib.Data.Seq.Computation (2.6s)
trace: .> LEAN_PATH=/home/joachim/lean4/_tmp/mathlib4/.lake/packages/Cli/.lake/build/lib/lean:/home/joachim/lean4/_tmp/mathlib4/.lake/packages/batteries/.lake/build/lib/lean:/home/joachim/lean4/_tmp/mathlib4/.lake/packages/Qq/.lake/build/lib/lean:/home/joachim/lean4/_tmp/mathlib4/.lake/packages/aesop/.lake/build/lib/lean:/home/joachim/lean4/_tmp/mathlib4/.lake/packages/proofwidgets/.lake/build/lib/lean:/home/joachim/lean4/_tmp/mathlib4/.lake/packages/importGraph/.lake/build/lib/lean:/home/joachim/lean4/_tmp/mathlib4/.lake/packages/LeanSearchClient/.lake/build/lib/lean:/home/joachim/lean4/_tmp/mathlib4/.lake/packages/plausible/.lake/build/lib/lean:/home/joachim/lean4/_tmp/mathlib4/.lake/build/lib/lean /home/joachim/lean4/build/release/stage2/bin/lean /home/joachim/lean4/_tmp/mathlib4/Mathlib/Data/Seq/Computation.lean -o /home/joachim/lean4/_tmp/mathlib4/.lake/build/lib/lean/Mathlib/Data/Seq/Computation.olean -i /home/joachim/lean4/_tmp/mathlib4/.lake/build/lib/lean/Mathlib/Data/Seq/Computation.ilean -c /home/joachim/lean4/_tmp/mathlib4/.lake/build/ir/Mathlib/Data/Seq/Computation.c --setup /home/joachim/lean4/_tmp/mathlib4/.lake/build/ir/Mathlib/Data/Seq/Computation.setup.json --json
error: Mathlib/Data/Seq/Computation.lean:224:19: Tactic `rfl` failed: The left-hand side
  (Prod.fst ∘ Corec.f f) (Sum.inr b)
is not definitionally equal to the right-hand side
  Sum.rec some (fun x ↦ none) (Sum.inl x)

α : Type u
β : Type v
f : β → α ⊕ β
b : β
x : α
⊢ (Prod.fst ∘ Corec.f f) (Sum.inr b) = Sum.rec some (fun x ↦ none) (Sum.inl x)
error: Mathlib/Data/Seq/Computation.lean:225:19: Tactic `rfl` failed: The left-hand side
  (Prod.fst ∘ Corec.f f) (Sum.inr b)
is not definitionally equal to the right-hand side
  Sum.rec some (fun x ↦ none) (Sum.inr x)

α : Type u
β : Type v
f : β → α ⊕ β
b x : β
⊢ (Prod.fst ∘ Corec.f f) (Sum.inr b) = Sum.rec some (fun x ↦ none) (Sum.inr x)
error: Mathlib/Data/Seq/Computation.lean:602:4: Tactic `apply` failed: could not unify the conclusion of `congr_arg fun f ↦ Stream'.map f s`
  Stream'.map ?m.35 s = Stream'.map.{u, w} ?m.36 s
with the goal
  Stream'.map (fun o ↦ Option.rec none (fun val ↦ (some ∘ g ∘ f) val) o) s =
    Stream'.map.{v, w} (fun o ↦ Option.rec none (fun val ↦ (some ∘ g) val) o)
      (Stream'.map (fun o ↦ Option.rec none (fun val ↦ (some ∘ f) val) o) s)

Note: The full type of `congr_arg fun f ↦ Stream'.map f s` is
  ?m.35 = ?m.36 → Stream'.map ?m.35 s = Stream'.map ?m.36 s

α : Type u
β : Type v
γ : Type w
f : α → β
g : β → γ
s : Stream' (Option α)
al : ∀ ⦃n : ℕ⦄ ⦃a : α⦄, s n = some a → s (n + 1) = some a
⊢ Stream'.map (fun o ↦ Option.rec none (fun val ↦ (some ∘ g ∘ f) val) o) s =
    Stream'.map (fun o ↦ Option.rec none (fun val ↦ (some ∘ g) val) o)
      (Stream'.map (fun o ↦ Option.rec none (fun val ↦ (some ∘ f) val) o) s)
error: Lean exited with code 1
✔ [962/8380] Built Mathlib.GroupTheory.GroupAction.IterateAct (1.1s)
✔ [963/8380] Built Mathlib.Algebra.Group.Action.Faithful (1.1s)
✔ [964/8380] Built Mathlib.Order.SetIsMax (1.3s)
✔ [965/8380] Built Mathlib.Data.List.Sections (1.5s)
✔ [966/8380] Built Mathlib.Algebra.GroupWithZero.Opposite (1.4s)
✔ [967/8380] Built Mathlib.Algebra.Ring.InjSurj (3.3s)
✔ [968/8380] Built Mathlib.Algebra.Group.Units.Opposite (1.4s)
✔ [969/8380] Built Mathlib.Algebra.Group.Nat.TypeTags (1.4s)
⚠ [970/8380] Built Mathlib.Algebra.Group.Action.TypeTags (1.5s)
warning: Mathlib/Algebra/Group/Action/TypeTags.lean:35:100: This line exceeds the 100 character limit, please shorten it!

Note: This linter can be disabled with `set_option linter.style.longLine false`
warning: Mathlib/Algebra/Group/Action/TypeTags.lean:39:100: This line exceeds the 100 character limit, please shorten it!

Note: This linter can be disabled with `set_option linter.style.longLine false`
✔ [971/8380] Built Mathlib.Data.List.Zip (1.8s)
✔ [972/8380] Built Mathlib.Algebra.EuclideanDomain.Defs (1.7s)
✔ [973/8380] Built Mathlib.Combinatorics.Quiver.Push (1.1s)
✔ [974/8380] Built Mathlib.Algebra.Group.Int.TypeTags (1.6s)
✔ [975/8380] Built Mathlib.Data.List.Nodup (1.9s)
✔ [976/8380] Built Mathlib.Data.List.Lex (1.8s)
✔ [977/8380] Built Mathlib.Algebra.Group.TypeTags.Hom (1.6s)
✔ [978/8380] Built Mathlib.Data.List.Perm.Basic (2.0s)
✔ [979/8380] Built Mathlib.Order.BoundedOrder.Basic (2.1s)
✖ [980/8380] Building Mathlib.Algebra.GroupWithZero.Hom (1.7s)
trace: .> LEAN_PATH=/home/joachim/lean4/_tmp/mathlib4/.lake/packages/Cli/.lake/build/lib/lean:/home/joachim/lean4/_tmp/mathlib4/.lake/packages/batteries/.lake/build/lib/lean:/home/joachim/lean4/_tmp/mathlib4/.lake/packages/Qq/.lake/build/lib/lean:/home/joachim/lean4/_tmp/mathlib4/.lake/packages/aesop/.lake/build/lib/lean:/home/joachim/lean4/_tmp/mathlib4/.lake/packages/proofwidgets/.lake/build/lib/lean:/home/joachim/lean4/_tmp/mathlib4/.lake/packages/importGraph/.lake/build/lib/lean:/home/joachim/lean4/_tmp/mathlib4/.lake/packages/LeanSearchClient/.lake/build/lib/lean:/home/joachim/lean4/_tmp/mathlib4/.lake/packages/plausible/.lake/build/lib/lean:/home/joachim/lean4/_tmp/mathlib4/.lake/build/lib/lean /home/joachim/lean4/build/release/stage2/bin/lean /home/joachim/lean4/_tmp/mathlib4/Mathlib/Algebra/GroupWithZero/Hom.lean -o /home/joachim/lean4/_tmp/mathlib4/.lake/build/lib/lean/Mathlib/Algebra/GroupWithZero/Hom.olean -i /home/joachim/lean4/_tmp/mathlib4/.lake/build/lib/lean/Mathlib/Algebra/GroupWithZero/Hom.ilean -c /home/joachim/lean4/_tmp/mathlib4/.lake/build/ir/Mathlib/Algebra/GroupWithZero/Hom.c --setup /home/joachim/lean4/_tmp/mathlib4/.lake/build/ir/Mathlib/Algebra/GroupWithZero/Hom.setup.json --json
error: Mathlib/Algebra/GroupWithZero/Hom.lean:219:33: failed to synthesize instance of type class
  ZeroHomClass (α →* β) α β

Hint: Type class instance resolution failures can be inspected with the `set_option trace.Meta.synthInstance true` command.
error: Mathlib/Algebra/GroupWithZero/Hom.lean:219:19: unsolved goals
F : Type u_1
α : Type u_2
β✝ : Type u_3
γ : Type u_4
δ : Type u_5
M₀ : Type u_6
inst✝⁵ : MulZeroOneClass α
inst✝⁴ : MulZeroOneClass β✝
inst✝³ : MulZeroOneClass γ
inst✝² : MulZeroOneClass δ
inst✝¹ : FunLike F α β✝
β : Type ?u.21
inst✝ : CommMonoidWithZero β
f g : α →*₀ β
⊢ ZeroHomClass (α →* β) α β
error: Lean exited with code 1
✔ [984/8380] Built Mathlib.LinearAlgebra.AffineSpace.Defs (973ms)
✔ [985/8380] Built Mathlib.Algebra.GroupWithZero.Action.Faithful (920ms)
✔ [986/8380] Built Mathlib.Algebra.Order.Group.Equiv (1.3s)
✔ [987/8380] Built Mathlib.Data.Ordmap.Ordnode (2.7s)
✔ [988/8380] Built Mathlib.Algebra.Group.Action.Opposite (2.2s)
✔ [995/8380] Built Mathlib.CategoryTheory.Category.Basic (2.7s)
✔ [996/8380] Built Mathlib.Algebra.Free (3.8s)
✔ [997/8380] Built Mathlib.Algebra.Group.Action.Sum (1.0s)
✔ [1002/8380] Built Mathlib.Algebra.Order.Group.Action.Synonym (1.5s)
✔ [1003/8380] Built Mathlib.Algebra.Group.Action.Option (1.1s)
✔ [1004/8380] Built Mathlib.Algebra.Group.Action.Sigma (1.1s)
✔ [1005/8380] Built Mathlib.Algebra.Order.GroupWithZero.Synonym (1.5s)
✔ [1007/8380] Built Mathlib.Order.Monotone.Basic (2.5s)
✔ [1008/8380] Built Mathlib.Algebra.Group.Semiconj.Units (1.6s)
✔ [1009/8380] Built Mathlib.Algebra.Order.Monoid.Unbundled.OrderDual (1.6s)
✖ [1010/8380] Building Mathlib.Combinatorics.Quiver.Path (1.9s)
trace: .> LEAN_PATH=/home/joachim/lean4/_tmp/mathlib4/.lake/packages/Cli/.lake/build/lib/lean:/home/joachim/lean4/_tmp/mathlib4/.lake/packages/batteries/.lake/build/lib/lean:/home/joachim/lean4/_tmp/mathlib4/.lake/packages/Qq/.lake/build/lib/lean:/home/joachim/lean4/_tmp/mathlib4/.lake/packages/aesop/.lake/build/lib/lean:/home/joachim/lean4/_tmp/mathlib4/.lake/packages/proofwidgets/.lake/build/lib/lean:/home/joachim/lean4/_tmp/mathlib4/.lake/packages/importGraph/.lake/build/lib/lean:/home/joachim/lean4/_tmp/mathlib4/.lake/packages/LeanSearchClient/.lake/build/lib/lean:/home/joachim/lean4/_tmp/mathlib4/.lake/packages/plausible/.lake/build/lib/lean:/home/joachim/lean4/_tmp/mathlib4/.lake/build/lib/lean /home/joachim/lean4/build/release/stage2/bin/lean /home/joachim/lean4/_tmp/mathlib4/Mathlib/Combinatorics/Quiver/Path.lean -o /home/joachim/lean4/_tmp/mathlib4/.lake/build/lib/lean/Mathlib/Combinatorics/Quiver/Path.olean -i /home/joachim/lean4/_tmp/mathlib4/.lake/build/lib/lean/Mathlib/Combinatorics/Quiver/Path.ilean -c /home/joachim/lean4/_tmp/mathlib4/.lake/build/ir/Mathlib/Combinatorics/Quiver/Path.c --setup /home/joachim/lean4/_tmp/mathlib4/.lake/build/ir/Mathlib/Combinatorics/Quiver/Path.setup.json --json
error: Mathlib/Combinatorics/Quiver/Path.lean:338:27: `dsimp` made no progress
error: Lean exited with code 1
✔ [1015/8380] Built Mathlib.Algebra.Divisibility.Units (1.7s)
✔ [1016/8380] Built Mathlib.Algebra.GroupWithZero.Units.Basic (2.0s)
✔ [1019/8380] Built Mathlib.Algebra.Group.Hom.Instances (2.7s)
✔ [1020/8380] Built Mathlib.Algebra.Order.Ring.Synonym (2.1s)
⚠ [1021/8380] Built Mathlib.Algebra.Group.Action.Units (1.8s)
warning: Mathlib/Algebra/Group/Action/Units.lean:35:100: This line exceeds the 100 character limit, please shorten it!

Note: This linter can be disabled with `set_option linter.style.longLine false`
✔ [1025/8380] Built Mathlib.Algebra.Group.Action.Pretransitive (1.5s)
✔ [1026/8380] Built Mathlib.Algebra.Group.Units.Hom (2.3s)
✔ [1027/8380] Built Mathlib.Algebra.Group.Nat.Hom (1.3s)
✔ [1028/8380] Built Mathlib.Order.Nat (1.3s)
✔ [1029/8380] Built Mathlib.Data.List.Perm.Subperm (1.4s)
✔ [1030/8380] Built Mathlib.Algebra.FreeMonoid.Basic (3.2s)
✔ [1031/8380] Built Mathlib.Data.List.Dedup (1.6s)
✔ [1032/8380] Built Mathlib.Data.List.NatAntidiagonal (1.6s)
✔ [1033/8380] Built Mathlib.Data.List.Perm.Lattice (1.7s)
✔ [1034/8380] Built Mathlib.Data.List.Duplicate (1.7s)
✔ [1035/8380] Built Mathlib.CategoryTheory.Category.KleisliCat (1.5s)
✔ [1036/8380] Built Mathlib.Tactic.Widget.CommDiag (1.5s)
✔ [1037/8380] Built Mathlib.Tactic.CategoryTheory.Coherence.Basic (1.6s)
✔ [1038/8380] Built Mathlib.Tactic.CategoryTheory.CheckCompositions (1.6s)
✔ [1039/8380] Built Mathlib.Algebra.Group.Equiv.TypeTags (2.0s)
✔ [1040/8380] Built Mathlib.Order.BoundedOrder.Monotone (1.4s)
✔ [1041/8380] Built Mathlib.Data.List.Rotate (2.1s)
✔ [1042/8380] Built Mathlib.Data.List.OffDiag (2.0s)
✔ [1043/8380] Built Mathlib.Data.List.Sigma (2.1s)
✔ [1044/8380] Built Mathlib.Tactic.CategoryTheory.Slice (1.9s)
✔ [1045/8380] Built Mathlib.Order.Iterate (1.6s)
✔ [1046/8380] Built Mathlib.Data.List.Chain (2.4s)
✔ [1047/8380] Built Mathlib.CategoryTheory.Functor.Basic (2.0s)
✔ [1048/8380] Built Mathlib.Algebra.GroupWithZero.Semiconj (1.4s)
✔ [1049/8380] Built Mathlib.Algebra.Group.Commute.Units (1.8s)
✔ [1050/8380] Built Mathlib.Algebra.Group.Hom.End (1.4s)
✔ [1051/8380] Built Mathlib.Order.GaloisConnection.Defs (1.0s)
✔ [1052/8380] Built Mathlib.Data.Nat.Log (1.0s)
✔ [1053/8380] Built Mathlib.Algebra.EuclideanDomain.Field (1.6s)
✔ [1054/8380] Built Mathlib.Logic.Equiv.Prod (6.6s)
✔ [1055/8380] Built Mathlib.Algebra.GroupWithZero.Divisibility (1.7s)
✔ [1056/8380] Built Mathlib.Algebra.Group.Action.Hom (1.5s)
✔ [1058/8380] Built Mathlib.Algebra.Ring.Basic (1.8s)
✔ [1065/8380] Built Mathlib.Data.List.Sublists (1.5s)
✖ [1066/8380] Building Mathlib.Algebra.FreeMonoid.Count (1.6s)
trace: .> LEAN_PATH=/home/joachim/lean4/_tmp/mathlib4/.lake/packages/Cli/.lake/build/lib/lean:/home/joachim/lean4/_tmp/mathlib4/.lake/packages/batteries/.lake/build/lib/lean:/home/joachim/lean4/_tmp/mathlib4/.lake/packages/Qq/.lake/build/lib/lean:/home/joachim/lean4/_tmp/mathlib4/.lake/packages/aesop/.lake/build/lib/lean:/home/joachim/lean4/_tmp/mathlib4/.lake/packages/proofwidgets/.lake/build/lib/lean:/home/joachim/lean4/_tmp/mathlib4/.lake/packages/importGraph/.lake/build/lib/lean:/home/joachim/lean4/_tmp/mathlib4/.lake/packages/LeanSearchClient/.lake/build/lib/lean:/home/joachim/lean4/_tmp/mathlib4/.lake/packages/plausible/.lake/build/lib/lean:/home/joachim/lean4/_tmp/mathlib4/.lake/build/lib/lean /home/joachim/lean4/build/release/stage2/bin/lean /home/joachim/lean4/_tmp/mathlib4/Mathlib/Algebra/FreeMonoid/Count.lean -o /home/joachim/lean4/_tmp/mathlib4/.lake/build/lib/lean/Mathlib/Algebra/FreeMonoid/Count.olean -i /home/joachim/lean4/_tmp/mathlib4/.lake/build/lib/lean/Mathlib/Algebra/FreeMonoid/Count.ilean -c /home/joachim/lean4/_tmp/mathlib4/.lake/build/ir/Mathlib/Algebra/FreeMonoid/Count.c --setup /home/joachim/lean4/_tmp/mathlib4/.lake/build/ir/Mathlib/Algebra/FreeMonoid/Count.setup.json --json
warning: Mathlib/Algebra/FreeMonoid/Count.lean:33:2: declaration uses `sorry`
error: Mathlib/Algebra/FreeMonoid/Count.lean:36:2: `simp` made no progress
error: Lean exited with code 1
✖ [1067/8380] Building Mathlib.Algebra.BigOperators.Group.List.Basic (3.0s)
trace: .> LEAN_PATH=/home/joachim/lean4/_tmp/mathlib4/.lake/packages/Cli/.lake/build/lib/lean:/home/joachim/lean4/_tmp/mathlib4/.lake/packages/batteries/.lake/build/lib/lean:/home/joachim/lean4/_tmp/mathlib4/.lake/packages/Qq/.lake/build/lib/lean:/home/joachim/lean4/_tmp/mathlib4/.lake/packages/aesop/.lake/build/lib/lean:/home/joachim/lean4/_tmp/mathlib4/.lake/packages/proofwidgets/.lake/build/lib/lean:/home/joachim/lean4/_tmp/mathlib4/.lake/packages/importGraph/.lake/build/lib/lean:/home/joachim/lean4/_tmp/mathlib4/.lake/packages/LeanSearchClient/.lake/build/lib/lean:/home/joachim/lean4/_tmp/mathlib4/.lake/packages/plausible/.lake/build/lib/lean:/home/joachim/lean4/_tmp/mathlib4/.lake/build/lib/lean /home/joachim/lean4/build/release/stage2/bin/lean /home/joachim/lean4/_tmp/mathlib4/Mathlib/Algebra/BigOperators/Group/List/Basic.lean -o /home/joachim/lean4/_tmp/mathlib4/.lake/build/lib/lean/Mathlib/Algebra/BigOperators/Group/List/Basic.olean -i /home/joachim/lean4/_tmp/mathlib4/.lake/build/lib/lean/Mathlib/Algebra/BigOperators/Group/List/Basic.ilean -c /home/joachim/lean4/_tmp/mathlib4/.lake/build/ir/Mathlib/Algebra/BigOperators/Group/List/Basic.c --setup /home/joachim/lean4/_tmp/mathlib4/.lake/build/ir/Mathlib/Algebra/BigOperators/Group/List/Basic.setup.json --json
error: Mathlib/Algebra/BigOperators/Group/List/Basic.lean:62:2: @[to_additive] failed to add declaration `List.sum_hom₂`.
  The translated value is not type correct.
  For help, see the docstring of `to_additive`, section `Troubleshooting`.
Application type mismatch: The argument
  inst✝.toAddZeroClass.toAdd
has type
  Add P
but is expected to have type
  Mul P
in the application
  @prod_eq_foldr P inst✝.toAddZeroClass.toAdd
error: Mathlib/Algebra/BigOperators/Group/List/Basic.lean:69:2: @[to_additive] failed to add declaration `List.sum_map_add`.
  The translated value is not type correct.
  For help, see the docstring of `to_additive`, section `Troubleshooting`.
Application type mismatch: The argument
  inst✝.toAddMonoid
has type
  AddMonoid M
but is expected to have type
  Monoid M
in the application
  @prod_hom₂ ι M M M inst✝.toAddMonoid
error: Lean exited with code 1
✔ [1068/8380] Built Mathlib.Data.Multiset.Defs (1.6s)
✔ [1069/8380] Built Mathlib.Algebra.GroupWithZero.Commute (1.0s)
✔ [1072/8380] Built Mathlib.CategoryTheory.Functor.Functorial (1.2s)
✔ [1073/8380] Built Mathlib.Data.List.Range (1.3s)
✔ [1075/8380] Built Mathlib.Algebra.Group.Invertible.Basic (1.2s)
✔ [1076/8380] Built Mathlib.Tactic.CategoryTheory.Reassoc (1.4s)
✔ [1077/8380] Built Mathlib.Data.List.AList (1.6s)
✔ [1078/8380] Built Mathlib.Data.List.SplitBy (1.4s)
✔ [1079/8380] Built Mathlib.Algebra.Prime.Defs (1.1s)
✖ [1080/8380] Building Mathlib.Logic.Equiv.Sum (1.2s)
trace: .> LEAN_PATH=/home/joachim/lean4/_tmp/mathlib4/.lake/packages/Cli/.lake/build/lib/lean:/home/joachim/lean4/_tmp/mathlib4/.lake/packages/batteries/.lake/build/lib/lean:/home/joachim/lean4/_tmp/mathlib4/.lake/packages/Qq/.lake/build/lib/lean:/home/joachim/lean4/_tmp/mathlib4/.lake/packages/aesop/.lake/build/lib/lean:/home/joachim/lean4/_tmp/mathlib4/.lake/packages/proofwidgets/.lake/build/lib/lean:/home/joachim/lean4/_tmp/mathlib4/.lake/packages/importGraph/.lake/build/lib/lean:/home/joachim/lean4/_tmp/mathlib4/.lake/packages/LeanSearchClient/.lake/build/lib/lean:/home/joachim/lean4/_tmp/mathlib4/.lake/packages/plausible/.lake/build/lib/lean:/home/joachim/lean4/_tmp/mathlib4/.lake/build/lib/lean /home/joachim/lean4/build/release/stage2/bin/lean /home/joachim/lean4/_tmp/mathlib4/Mathlib/Logic/Equiv/Sum.lean -o /home/joachim/lean4/_tmp/mathlib4/.lake/build/lib/lean/Mathlib/Logic/Equiv/Sum.olean -i /home/joachim/lean4/_tmp/mathlib4/.lake/build/lib/lean/Mathlib/Logic/Equiv/Sum.ilean -c /home/joachim/lean4/_tmp/mathlib4/.lake/build/ir/Mathlib/Logic/Equiv/Sum.c --setup /home/joachim/lean4/_tmp/mathlib4/.lake/build/ir/Mathlib/Logic/Equiv/Sum.setup.json --json
error: Mathlib/Logic/Equiv/Sum.lean:267:4: unsolved goals
case inl
α✝ : Sort u_1
α₁ : Sort u_2
α₂ : Sort u_3
β : Sort u_4
β₁ : Sort u_5
β₂ : Sort u_6
γ : Sort u_7
δ : Sort u_8
α : Type u_9
p : α → Prop
inst✝ : DecidablePred p
x : α
hx : p x
⊢ Sum.inl ⟨Sum.elim Subtype.val Subtype.val (Sum.inl ⟨x, hx⟩), ?inl.hc⟩ = Sum.inl ⟨x, hx⟩

case inl.hc
α✝ : Sort u_1
α₁ : Sort u_2
α₂ : Sort u_3
β : Sort u_4
β₁ : Sort u_5
β₂ : Sort u_6
γ : Sort u_7
δ : Sort u_8
α : Type u_9
p : α → Prop
inst✝ : DecidablePred p
x : α
hx : p x
⊢ p (Sum.elim Subtype.val Subtype.val (Sum.inl ⟨x, hx⟩))
error: Mathlib/Logic/Equiv/Sum.lean:268:4: unsolved goals
case inr
α✝ : Sort u_1
α₁ : Sort u_2
α₂ : Sort u_3
β : Sort u_4
β₁ : Sort u_5
β₂ : Sort u_6
γ : Sort u_7
δ : Sort u_8
α : Type u_9
p : α → Prop
inst✝ : DecidablePred p
x : α
hx : ¬p x
⊢ Sum.inr ⟨Sum.elim Subtype.val Subtype.val (Sum.inr ⟨x, hx⟩), ?inr.hnc⟩ = Sum.inr ⟨x, hx⟩

case inr.hnc
α✝ : Sort u_1
α₁ : Sort u_2
α₂ : Sort u_3
β : Sort u_4
β₁ : Sort u_5
β₂ : Sort u_6
γ : Sort u_7
δ : Sort u_8
α : Type u_9
p : α → Prop
inst✝ : DecidablePred p
x : α
hx : ¬p x
⊢ ¬p (Sum.elim Subtype.val Subtype.val (Sum.inr ⟨x, hx⟩))
error: Lean exited with code 1
✖ [1095/8380] Building Mathlib.Data.Int.GCD (1.5s)
trace: .> LEAN_PATH=/home/joachim/lean4/_tmp/mathlib4/.lake/packages/Cli/.lake/build/lib/lean:/home/joachim/lean4/_tmp/mathlib4/.lake/packages/batteries/.lake/build/lib/lean:/home/joachim/lean4/_tmp/mathlib4/.lake/packages/Qq/.lake/build/lib/lean:/home/joachim/lean4/_tmp/mathlib4/.lake/packages/aesop/.lake/build/lib/lean:/home/joachim/lean4/_tmp/mathlib4/.lake/packages/proofwidgets/.lake/build/lib/lean:/home/joachim/lean4/_tmp/mathlib4/.lake/packages/importGraph/.lake/build/lib/lean:/home/joachim/lean4/_tmp/mathlib4/.lake/packages/LeanSearchClient/.lake/build/lib/lean:/home/joachim/lean4/_tmp/mathlib4/.lake/packages/plausible/.lake/build/lib/lean:/home/joachim/lean4/_tmp/mathlib4/.lake/build/lib/lean /home/joachim/lean4/build/release/stage2/bin/lean /home/joachim/lean4/_tmp/mathlib4/Mathlib/Data/Int/GCD.lean -o /home/joachim/lean4/_tmp/mathlib4/.lake/build/lib/lean/Mathlib/Data/Int/GCD.olean -i /home/joachim/lean4/_tmp/mathlib4/.lake/build/lib/lean/Mathlib/Data/Int/GCD.ilean -c /home/joachim/lean4/_tmp/mathlib4/.lake/build/ir/Mathlib/Data/Int/GCD.c --setup /home/joachim/lean4/_tmp/mathlib4/.lake/build/ir/Mathlib/Data/Int/GCD.setup.json --json
error: Mathlib/Data/Int/GCD.lean:114:8: Tactic `rewrite` failed: Did not find an occurrence of the pattern
  ?a % ?b
in the target expression
  ↑(b % a) = ↑x * (s' - ↑b / ↑a * s) + ↑y * (t' - ↑b / ↑a * t)

case H1
x y a b : ℕ
h : 0 < a
IH :
  ∀ {s t s' t' : ℤ},
    ↑(b % a) = ↑x * s + ↑y * t →
      ↑a = ↑x * s' + ↑y * t' →
        ↑((b % a).xgcdAux s t a s' t').1 =
          ↑x * ((b % a).xgcdAux s t a s' t').2.1 + ↑y * ((b % a).xgcdAux s t a s' t').2.2
s t s' t' : ℤ
p : ↑a = ↑x * s + ↑y * t
p' : ↑b = ↑x * s' + ↑y * t'
⊢ ↑(b % a) = ↑x * (s' - ↑b / ↑a * s) + ↑y * (t' - ↑b / ↑a * t)
error: Lean exited with code 1
✔ [1139/8380] Built Mathlib.Algebra.Ring.Rat (1.2s)
✔ [1141/8380] Built Mathlib.Data.List.Destutter (1.8s)
✔ [1142/8380] Built Mathlib.Data.Multiset.Pairwise (1.0s)
✔ [1143/8380] Built Mathlib.Data.Nat.GCD.Basic (1.5s)
✔ [1144/8380] Built Mathlib.Order.Lattice (3.7s)
✔ [1145/8380] Built Mathlib.Algebra.GroupWithZero.Invertible (995ms)
✔ [1146/8380] Built Mathlib.CategoryTheory.NatTrans (1.2s)
✔ [1147/8380] Built Mathlib.Data.Multiset.ZeroCons (1.9s)
✔ [1148/8380] Built Mathlib.Data.Nat.Prime.Defs (1.5s)
✔ [1157/8380] Built Mathlib.Order.BoundedOrder.Lattice (1.3s)
✔ [1158/8380] Built Mathlib.Algebra.Group.Prod (2.0s)
✔ [1162/8380] Built Mathlib.Order.Monotone.Monovary (1.4s)
✔ [1163/8380] Built Mathlib.Data.List.Intervals (1.4s)
✔ [1164/8380] Built Mathlib.Data.PSigma.Order (1.5s)
✔ [1165/8380] Built Mathlib.Order.MinMax (1.7s)
✔ [1166/8380] Built Mathlib.Algebra.Ring.Invertible (1.3s)
✔ [1169/8380] Built Mathlib.Data.List.Permutation (1.8s)
✔ [1170/8380] Built Mathlib.Data.Sigma.Order (1.7s)
⚠ [1171/8380] Built Mathlib.Data.Multiset.Count (1.2s)
warning: Mathlib/Data/Multiset/Count.lean:85:43: This simp argument is unused:
  coe_attach

Hint: Omit it from the simp argument list.
  simp only [quot_mk_to_coe, coe_countP, coe_a̵t̵t̵a̵ch̵,̵ ̵c̵oe̵_̵c̵o̵untP, ← List.countP_attach (l := l)]

Note: This linter can be disabled with `set_option linter.unusedSimpArgs false`
✔ [1172/8380] Built Mathlib.CategoryTheory.Iso (2.5s)
✔ [1173/8380] Built Mathlib.Data.Multiset.Basic (1.3s)
✔ [1174/8380] Built Mathlib.Data.Fin.Basic (1.9s)
✔ [1175/8380] Built Mathlib.Data.Nat.GCD.Prime (1.2s)
✔ [1176/8380] Built Mathlib.Data.Prod.Lex (2.2s)
✔ [1177/8380] Built Mathlib.Tactic.NormNum.Result (2.1s)
✔ [1178/8380] Built Mathlib.Data.Nat.Cast.Prod (1.0s)
✔ [1179/8380] Built Mathlib.Algebra.Divisibility.Prod (1.2s)
✔ [1180/8380] Built Mathlib.Data.List.SplitLengths (1.0s)
✔ [1181/8380] Built Mathlib.Algebra.Group.Action.Prod (1.5s)
✔ [1185/8380] Built Mathlib.CategoryTheory.ObjectProperty.Basic (1.3s)
✔ [1186/8380] Built Mathlib.Tactic.CategoryTheory.IsoReassoc (1.2s)
✔ [1187/8380] Built Mathlib.CategoryTheory.HomCongr (1.3s)
✔ [1188/8380] Built Mathlib.Tactic.Order.CollectFacts (3.1s)
✔ [1189/8380] Built Mathlib.Tactic.CategoryTheory.CancelIso (1.3s)
✔ [1190/8380] Built Mathlib.Order.Disjoint (2.1s)
✔ [1194/8380] Built Mathlib.Data.Multiset.AddSub (1.6s)
✔ [1198/8380] Built Mathlib.Data.Int.Cast.Prod (1.0s)
✔ [1204/8380] Built Mathlib.CategoryTheory.ObjectProperty.ClosedUnderIsomorphisms (965ms)
✔ [1205/8380] Built Mathlib.Tactic.Order.Graph.Basic (1.0s)
✔ [1206/8380] Built Mathlib.Tactic.Order.Preprocessing (1.2s)
✔ [1207/8380] Built Mathlib.Order.PropInstances (960ms)
✔ [1208/8380] Built Mathlib.Tactic.NormNum.Core (1.0s)
✔ [1218/8380] Built Mathlib.Tactic.Order.ToInt (1.3s)
✔ [1219/8380] Built Mathlib.CategoryTheory.Functor.Category (2.7s)
✔ [1220/8380] Built Mathlib.Data.Multiset.Replicate (1.1s)
✔ [1221/8380] Built Mathlib.Algebra.Order.Monoid.Unbundled.Basic (3.3s)
✔ [1223/8380] Built Mathlib.Tactic.Order.Graph.Tarjan (929ms)
✔ [1224/8380] Built Mathlib.CategoryTheory.Thin (1.0s)
✔ [1225/8380] Built Mathlib.Algebra.Order.Monoid.Unbundled.ExistsOfLE (1.2s)
✔ [1226/8380] Built Mathlib.Algebra.Order.Monoid.NatCast (1.2s)
✔ [1227/8380] Built Mathlib.Algebra.Order.Monoid.Unbundled.MinMax (1.3s)
✔ [1228/8380] Built Mathlib.Algebra.Order.Monoid.Unbundled.Units (1.3s)
✔ [1229/8380] Built Mathlib.Algebra.Order.Monoid.Defs (1.4s)
✔ [1232/8380] Built Mathlib.Data.Set.Basic (2.1s)
✔ [1234/8380] Built Mathlib.Algebra.Order.Sub.Defs (1.5s)
✔ [1240/8380] Built Mathlib.Order.WithBot (6.6s)
✔ [1241/8380] Built Mathlib.Algebra.Order.Monoid.Unbundled.Pow (1.0s)
✔ [1242/8380] Built Mathlib.CategoryTheory.Functor.Trifunctor (2.5s)
✔ [1243/8380] Built Mathlib.Tactic.Order (2.1s)
✔ [1244/8380] Built Mathlib.Order.Heyting.Basic (2.0s)
✔ [1245/8380] Built Mathlib.Algebra.Order.Group.Int (1.0s)
✔ [1248/8380] Built Mathlib.Algebra.Order.Monoid.OrderDual (1.1s)
✔ [1249/8380] Built Mathlib.Algebra.Order.Monoid.Unbundled.TypeTags (1.3s)
✔ [1250/8380] Built Mathlib.Algebra.Order.Sub.Prod (1000ms)
✔ [1251/8380] Built Mathlib.CategoryTheory.NatIso (3.1s)
✔ [1252/8380] Built Mathlib.InformationTheory.Coding.UniquelyDecodable (1.0s)
✔ [1253/8380] Built Mathlib.Data.Set.Inclusion (1.2s)
✔ [1254/8380] Built Mathlib.Data.Nat.Order.Lemmas (1.2s)
✔ [1255/8380] Built Mathlib.Algebra.Order.Group.Opposite (1.2s)
✔ [1256/8380] Built Mathlib.Data.Set.Order (1.3s)
✔ [1257/8380] Built Mathlib.Data.Bundle (1.3s)
✔ [1258/8380] Built Mathlib.Data.Set.Disjoint (1.4s)
✔ [1259/8380] Built Mathlib.Algebra.Order.Sub.Unbundled.Basic (1.4s)
✔ [1260/8380] Built Mathlib.Order.WithBotTop (1.2s)
✔ [1261/8380] Built Mathlib.Algebra.Order.AddTorsor (1.5s)
✔ [1263/8380] Built Mathlib.Data.SetLike.Basic (1.5s)
✖ [1264/8380] Building Mathlib.Data.PEquiv (1.5s)
trace: .> LEAN_PATH=/home/joachim/lean4/_tmp/mathlib4/.lake/packages/Cli/.lake/build/lib/lean:/home/joachim/lean4/_tmp/mathlib4/.lake/packages/batteries/.lake/build/lib/lean:/home/joachim/lean4/_tmp/mathlib4/.lake/packages/Qq/.lake/build/lib/lean:/home/joachim/lean4/_tmp/mathlib4/.lake/packages/aesop/.lake/build/lib/lean:/home/joachim/lean4/_tmp/mathlib4/.lake/packages/proofwidgets/.lake/build/lib/lean:/home/joachim/lean4/_tmp/mathlib4/.lake/packages/importGraph/.lake/build/lib/lean:/home/joachim/lean4/_tmp/mathlib4/.lake/packages/LeanSearchClient/.lake/build/lib/lean:/home/joachim/lean4/_tmp/mathlib4/.lake/packages/plausible/.lake/build/lib/lean:/home/joachim/lean4/_tmp/mathlib4/.lake/build/lib/lean /home/joachim/lean4/build/release/stage2/bin/lean /home/joachim/lean4/_tmp/mathlib4/Mathlib/Data/PEquiv.lean -o /home/joachim/lean4/_tmp/mathlib4/.lake/build/lib/lean/Mathlib/Data/PEquiv.olean -i /home/joachim/lean4/_tmp/mathlib4/.lake/build/lib/lean/Mathlib/Data/PEquiv.ilean -c /home/joachim/lean4/_tmp/mathlib4/.lake/build/ir/Mathlib/Data/PEquiv.c --setup /home/joachim/lean4/_tmp/mathlib4/.lake/build/ir/Mathlib/Data/PEquiv.setup.json --json
error: Mathlib/Data/PEquiv.lean:335:95: unsolved goals
α : Type u
inst✝¹ : DecidableEq α
inst✝ : Subsingleton α
a b i j : α
⊢ some j = some j ↔ (PEquiv.refl α) j = some j
error: Lean exited with code 1
✔ [1265/8380] Built Mathlib.Algebra.Order.Monoid.Canonical.Defs (1.8s)
✔ [1269/8380] Built Mathlib.Data.List.MinMax (1.7s)
✔ [1270/8380] Built Mathlib.Order.BooleanAlgebra.Defs (1.4s)
✔ [1271/8380] Built Mathlib.Order.Circular (1.5s)
✔ [1273/8380] Built Mathlib.Data.FunLike.Graded (1.0s)
✔ [1274/8380] Built Mathlib.Algebra.Order.Group.Nat (985ms)
✔ [1278/8380] Built Mathlib.Algebra.Order.Monoid.TypeTags (1.0s)
✔ [1279/8380] Built Mathlib.Data.Set.Insert (1.5s)
✖ [1280/8380] Building Mathlib.CategoryTheory.Functor.FullyFaithful (1.8s)
trace: .> LEAN_PATH=/home/joachim/lean4/_tmp/mathlib4/.lake/packages/Cli/.lake/build/lib/lean:/home/joachim/lean4/_tmp/mathlib4/.lake/packages/batteries/.lake/build/lib/lean:/home/joachim/lean4/_tmp/mathlib4/.lake/packages/Qq/.lake/build/lib/lean:/home/joachim/lean4/_tmp/mathlib4/.lake/packages/aesop/.lake/build/lib/lean:/home/joachim/lean4/_tmp/mathlib4/.lake/packages/proofwidgets/.lake/build/lib/lean:/home/joachim/lean4/_tmp/mathlib4/.lake/packages/importGraph/.lake/build/lib/lean:/home/joachim/lean4/_tmp/mathlib4/.lake/packages/LeanSearchClient/.lake/build/lib/lean:/home/joachim/lean4/_tmp/mathlib4/.lake/packages/plausible/.lake/build/lib/lean:/home/joachim/lean4/_tmp/mathlib4/.lake/build/lib/lean /home/joachim/lean4/build/release/stage2/bin/lean /home/joachim/lean4/_tmp/mathlib4/Mathlib/CategoryTheory/Functor/FullyFaithful.lean -o /home/joachim/lean4/_tmp/mathlib4/.lake/build/lib/lean/Mathlib/CategoryTheory/Functor/FullyFaithful.olean -i /home/joachim/lean4/_tmp/mathlib4/.lake/build/lib/lean/Mathlib/CategoryTheory/Functor/FullyFaithful.ilean -c /home/joachim/lean4/_tmp/mathlib4/.lake/build/ir/Mathlib/CategoryTheory/Functor/FullyFaithful.c --setup /home/joachim/lean4/_tmp/mathlib4/.lake/build/ir/Mathlib/CategoryTheory/Functor/FullyFaithful.setup.json --json
error: Mathlib/CategoryTheory/Functor/FullyFaithful.lean:345:2: Type mismatch
  h_map
has type
  map✝¹ (map ?m.170) ≍ map✝ ?m.170
but is expected to have type
  { obj := G_obj, map := map✝¹, map_id := map_id✝¹, map_comp := map_comp✝¹ }.map
      ({ obj := obj, map := map, map_id := ⋯, map_comp := ⋯ }.map x✝) =
    map✝ x✝
warning: Mathlib/CategoryTheory/Functor/FullyFaithful.lean:343:13: This simp argument is unused:
  Function.comp_apply

Hint: Omit it from the simp argument list.
  simp only [F̵u̵n̵c̵t̵i̵o̵n̵.̵c̵o̵m̵p̵_̵a̵p̵p̵l̵y̵,̵ ̵heq_eq_eq] at h_map

Note: This linter can be disabled with `set_option linter.unusedSimpArgs false`
warning: Mathlib/CategoryTheory/Functor/FullyFaithful.lean:343:34: This simp argument is unused:
  heq_eq_eq

Hint: Omit it from the simp argument list.
  simp only [Function.comp_apply,̵ ̵h̵e̵q̵_̵e̵q̵_̵e̵q̵] at h_map

Note: This linter can be disabled with `set_option linter.unusedSimpArgs false`
error: Lean exited with code 1
✔ [1342/8380] Built Mathlib.Algebra.Order.Monoid.Prod (1.2s)
✔ [1343/8380] Built Mathlib.Algebra.Order.Monoid.Unbundled.WithTop (3.0s)
✔ [1344/8380] Built Mathlib.Algebra.Order.Group.Unbundled.Basic (3.3s)
✔ [1352/8380] Built Mathlib.Algebra.Group.Subsemigroup.Defs (1.8s)
✔ [1362/8380] Built Mathlib.Data.List.Iterate (1.1s)
✔ [1363/8380] Built Mathlib.Algebra.Group.Center (3.9s)
✔ [1365/8380] Built Mathlib.Logic.Function.FiberPartition (1.0s)
✔ [1366/8380] Built Mathlib.Data.Bool.Set (1.1s)
✔ [1367/8380] Built Mathlib.Data.Set.Subsingleton (1.2s)
✔ [1368/8380] Built Mathlib.Algebra.Order.Monoid.WithTop (1.1s)
✔ [1369/8380] Built Mathlib.Algebra.Order.Sub.WithTop (1.1s)
✔ [1370/8380] Built Mathlib.Data.Nat.Cast.WithTop (1.0s)
✔ [1371/8380] Built Mathlib.Data.Set.Enumerate (1.3s)
✔ [1372/8380] Built Mathlib.Order.BooleanAlgebra.Basic (2.3s)
✔ [1377/8380] Built Mathlib.Data.Int.Range (1.2s)
✔ [1379/8380] Built Mathlib.Data.String.Basic (1.8s)
✔ [1380/8380] Built Mathlib.Algebra.Order.Group.Defs (1.4s)
✔ [1384/8380] Built Mathlib.Algebra.FreeMonoid.FreeSemigroup (1.8s)
✔ [1385/8380] Built Mathlib.Algebra.Order.Group.Basic (1.5s)
✔ [1386/8380] Built Mathlib.GroupTheory.Subsemigroup.Center (1.0s)
✔ [1387/8380] Built Mathlib.Algebra.Ring.Centralizer (935ms)
✔ [1388/8380] Built Mathlib.Algebra.GroupWithZero.Center (1.1s)
✔ [1389/8380] Built Mathlib.SetTheory.Lists (2.3s)
✔ [1390/8380] Built Mathlib.Data.Nat.WithBot (1.0s)
✔ [1391/8380] Built Mathlib.CategoryTheory.Bicategory.Basic (4.2s)
✔ [1399/8380] Built Mathlib.Algebra.Group.Submonoid.Defs (2.4s)
✔ [1403/8380] Built Mathlib.Algebra.Order.AddGroupWithTop (1.5s)
✔ [1404/8380] Built Mathlib.Order.Heyting.Boundary (1.2s)
✔ [1406/8380] Built Mathlib.Order.BooleanAlgebra.Set (1.6s)
✔ [1836/8380] Built Mathlib.Data.Part (2.0s)
✔ [1838/8380] Built Mathlib.Algebra.Order.Group.DenselyOrdered (1.5s)
✔ [1847/8380] Built Mathlib.Algebra.GroupWithZero.Submonoid.Primal (902ms)
✔ [1848/8380] Built Mathlib.Algebra.GroupWithZero.Submonoid.CancelMulZero (913ms)
✔ [1849/8380] Built Mathlib.Algebra.Order.PUnit (928ms)
✔ [1850/8380] Built Mathlib.Tactic.CategoryTheory.BicategoricalComp (1.3s)
✔ [1851/8380] Built Mathlib.Algebra.Group.Submonoid.MulAction (1.1s)
✔ [1853/8380] Built Mathlib.GroupTheory.OreLocalization.OreSet (1.2s)
✔ [1854/8380] Built Mathlib.Data.Set.BoolIndicator (958ms)
✔ [1855/8380] Built Mathlib.RingTheory.OreLocalization.OreSet (942ms)
✔ [1856/8380] Built Mathlib.Order.Filter.Defs (1.0s)
✔ [1857/8380] Built Mathlib.Algebra.Group.Subgroup.Defs (2.9s)
✔ [1870/8380] Built Mathlib.Tactic.CategoryTheory.Bicategory.Datatypes (2.5s)
✔ [1871/8380] Built Mathlib.Order.Interval.Set.Basic (3.7s)
✔ [3307/8380] Built Mathlib.GroupTheory.OreLocalization.Basic (3.8s)
✔ [3321/8380] Built Mathlib.Order.Bounded (1.1s)
✔ [3322/8380] Built Mathlib.Tactic.CategoryTheory.Bicategory.PureCoherence (2.0s)
✔ [3323/8380] Built Mathlib.Tactic.CategoryTheory.Bicategory.Normalize (2.3s)
✔ [3325/8380] Built Mathlib.Order.Interval.Set.LinearOrder (2.8s)
✔ [8354/8380] Built Mathlib.Tactic.CategoryTheory.Bicategory.Basic (2.1s)
✔ [8371/8380] Built Mathlib.CategoryTheory.Bicategory.Adjunction.Basic (2.4s)
✖ [8373/8380] Building Mathlib.CategoryTheory.Bicategory.Adjunction.Mate (4.4s)
trace: .> LEAN_PATH=/home/joachim/lean4/_tmp/mathlib4/.lake/packages/Cli/.lake/build/lib/lean:/home/joachim/lean4/_tmp/mathlib4/.lake/packages/batteries/.lake/build/lib/lean:/home/joachim/lean4/_tmp/mathlib4/.lake/packages/Qq/.lake/build/lib/lean:/home/joachim/lean4/_tmp/mathlib4/.lake/packages/aesop/.lake/build/lib/lean:/home/joachim/lean4/_tmp/mathlib4/.lake/packages/proofwidgets/.lake/build/lib/lean:/home/joachim/lean4/_tmp/mathlib4/.lake/packages/importGraph/.lake/build/lib/lean:/home/joachim/lean4/_tmp/mathlib4/.lake/packages/LeanSearchClient/.lake/build/lib/lean:/home/joachim/lean4/_tmp/mathlib4/.lake/packages/plausible/.lake/build/lib/lean:/home/joachim/lean4/_tmp/mathlib4/.lake/build/lib/lean /home/joachim/lean4/build/release/stage2/bin/lean /home/joachim/lean4/_tmp/mathlib4/Mathlib/CategoryTheory/Bicategory/Adjunction/Mate.lean -o /home/joachim/lean4/_tmp/mathlib4/.lake/build/lib/lean/Mathlib/CategoryTheory/Bicategory/Adjunction/Mate.olean -i /home/joachim/lean4/_tmp/mathlib4/.lake/build/lib/lean/Mathlib/CategoryTheory/Bicategory/Adjunction/Mate.ilean -c /home/joachim/lean4/_tmp/mathlib4/.lake/build/ir/Mathlib/CategoryTheory/Bicategory/Adjunction/Mate.c --setup /home/joachim/lean4/_tmp/mathlib4/.lake/build/ir/Mathlib/CategoryTheory/Bicategory/Adjunction/Mate.setup.json --json
error: Mathlib/CategoryTheory/Bicategory/Adjunction/Mate.lean:693:76: unsolved goals
B : Type u
inst✝ : Bicategory B
a b c d : B
g : a ⟶ c
h : b ⟶ d
l₁ : a ⟶ b
r₁ : b ⟶ a
l₂ : c ⟶ d
r₂ : d ⟶ c
l₃ : c ⟶ d
r₃ : d ⟶ c
adj₁ : l₁ ⊣ r₁
adj₂ : l₂ ⊣ r₂
adj₃ : l₃ ⊣ r₃
α : g ≫ l₂ ⟶ l₁ ≫ h
β : l₃ ⟶ l₂
⊢ (Iso.refl (h ≫ r₂) ≪≫ h ◁ᵢ Iso.refl r₂).hom ≫ h ◁ (conjugateEquiv adj₂ adj₃) β ≫ (h ◁ᵢ Iso.refl r₃).hom =
    ((Iso.refl (h ≫ r₂) ≪≫ (ρ_ (h ≫ r₂)).symm) ≪≫ α_ h r₂ (𝟙 c) ≪≫ h ◁ᵢ Iso.refl (r₂ ≫ 𝟙 c)).hom ≫
      h ◁ (mateEquiv adj₂ adj₃) ((λ_ l₃).hom ≫ β ≫ (ρ_ l₂).inv) ≫
        ((h ◁ᵢ Iso.refl (𝟙 d ≫ r₃) ≪≫ (α_ h (𝟙 d) r₃).symm) ≪≫ ⊗𝟙 ≪≫ Iso.refl (h ≫ r₃)).hom
error: Mathlib/CategoryTheory/Bicategory/Adjunction/Mate.lean:731:46: unsolved goals
B : Type u
inst✝ : Bicategory B
a b c d : B
g : a ⟶ c
h : b ⟶ d
l₁ : a ⟶ b
r₁ : b ⟶ a
l₂ : a ⟶ b
r₂ : b ⟶ a
l₃ : c ⟶ d
r₃ : d ⟶ c
adj₁ : l₁ ⊣ r₁
adj₂ : l₂ ⊣ r₂
adj₃ : l₃ ⊣ r₃
α : l₂ ⟶ l₁
β : g ≫ l₃ ⟶ l₂ ≫ h
⊢ (Iso.refl r₁ ▷ᵢ g ≪≫ Iso.refl (r₁ ≫ g)).hom ≫
      (conjugateEquiv adj₁ adj₂) α ▷ g ≫
        ((Iso.refl (r₂ ≫ g) ≪≫ Iso.refl r₂ ▷ᵢ g) ≪≫ Iso.refl (r₂ ≫ g)).hom ≫
          (mateEquiv adj₂ adj₃) β ≫ (Iso.refl (h ≫ r₃)).hom =
    (Iso.refl (r₁ ≫ g) ≪≫ ⊗𝟙 ≪≫ (α_ r₁ (𝟙 a) g).symm ≪≫ Iso.refl (r₁ ≫ 𝟙 a) ▷ᵢ g ≪≫ Iso.refl ((r₁ ≫ 𝟙 a) ≫ g)).hom ≫
      (mateEquiv adj₁ adj₂) ((λ_ l₂).hom ≫ α ≫ (ρ_ l₁).inv) ▷ g ≫
        ((Iso.refl ((𝟙 b ≫ r₂) ≫ g) ≪≫ Iso.refl (𝟙 b ≫ r₂) ▷ᵢ g) ≪≫
              α_ (𝟙 b) r₂ g ≪≫ λ_ (r₂ ≫ g) ≪≫ Iso.refl (r₂ ≫ g)).hom ≫
          (mateEquiv adj₂ adj₃) β ≫
            (((Iso.refl (h ≫ r₃) ≪≫ (λ_ (h ≫ r₃)).symm) ≪≫ (α_ (𝟙 b) h r₃).symm) ≪≫ ⊗𝟙 ≪≫ Iso.refl (h ≫ r₃)).hom
error: Lean exited with code 1
Some required targets logged failures:
- Mathlib.Control.Monad.Cont
- Mathlib.Data.Seq.Computation
- Mathlib.Algebra.GroupWithZero.Hom
- Mathlib.Combinatorics.Quiver.Path
- Mathlib.Algebra.FreeMonoid.Count
- Mathlib.Algebra.BigOperators.Group.List.Basic
- Mathlib.Logic.Equiv.Sum
- Mathlib.Data.Int.GCD
- Mathlib.Data.PEquiv
- Mathlib.CategoryTheory.Functor.FullyFaithful
- Mathlib.CategoryTheory.Bicategory.Adjunction.Mate
error: build failed
